This file contains any messages produced by compilers while
running configure, to aid debugging if configure makes a mistake.

It was created by libvideo.la configure v1.0, which was
generated by GNU Autoconf 2.69.  Invocation command line was

  $ ./configure 

## --------- ##
## Platform. ##
## --------- ##

hostname = rick-virtual-machine
uname -m = x86_64
uname -r = 4.10.0-19-generic
uname -s = Linux
uname -v = #21-Ubuntu SMP Thu Apr 6 17:04:57 UTC 2017

/usr/bin/uname -p = unknown
/bin/uname -X     = unknown

/bin/arch              = unknown
/usr/bin/arch -k       = unknown
/usr/convex/getsysinfo = unknown
/usr/bin/hostinfo      = unknown
/bin/machine           = unknown
/usr/bin/oslevel       = unknown
/bin/universe          = unknown

PATH: /usr/local/sbin
PATH: /usr/local/bin
PATH: /usr/sbin
PATH: /usr/bin
PATH: /sbin
PATH: /bin
PATH: /usr/games
PATH: /usr/local/games


## ----------- ##
## Core tests. ##
## ----------- ##

configure:2181: checking for a BSD-compatible install
configure:2249: result: /usr/bin/install -c
configure:2260: checking whether build environment is sane
configure:2315: result: yes
configure:2466: checking for a thread-safe mkdir -p
configure:2505: result: /bin/mkdir -p
configure:2512: checking for gawk
configure:2542: result: no
configure:2512: checking for mawk
configure:2528: found /usr/bin/mawk
configure:2539: result: mawk
configure:2550: checking whether make sets $(MAKE)
configure:2572: result: yes
configure:2601: checking whether make supports nested variables
configure:2618: result: yes
configure:2793: checking for gcc
configure:2809: found /usr/bin/gcc
configure:2820: result: gcc
configure:3049: checking for C compiler version
configure:3058: gcc --version >&5
gcc (Ubuntu 7.5.0-3ubuntu1~18.04) 7.5.0
Copyright (C) 2017 Free Software Foundation, Inc.
This is free software; see the source for copying conditions.  There is NO
warranty; not even for MERCHANTABILITY or FITNESS FOR A PARTICULAR PURPOSE.

configure:3069: $? = 0
configure:3058: gcc -v >&5
Using built-in specs.
COLLECT_GCC=gcc
COLLECT_LTO_WRAPPER=/usr/lib/gcc/x86_64-linux-gnu/7/lto-wrapper
OFFLOAD_TARGET_NAMES=nvptx-none
OFFLOAD_TARGET_DEFAULT=1
Target: x86_64-linux-gnu
Configured with: ../src/configure -v --with-pkgversion='Ubuntu 7.5.0-3ubuntu1~18.04' --with-bugurl=file:///usr/share/doc/gcc-7/README.Bugs --enable-languages=c,ada,c++,go,brig,d,fortran,objc,obj-c++ --prefix=/usr --with-gcc-major-version-only --program-suffix=-7 --program-prefix=x86_64-linux-gnu- --enable-shared --enable-linker-build-id --libexecdir=/usr/lib --without-included-gettext --enable-threads=posix --libdir=/usr/lib --enable-nls --enable-bootstrap --enable-clocale=gnu --enable-libstdcxx-debug --enable-libstdcxx-time=yes --with-default-libstdcxx-abi=new --enable-gnu-unique-object --disable-vtable-verify --enable-libmpx --enable-plugin --enable-default-pie --with-system-zlib --with-target-system-zlib --enable-objc-gc=auto --enable-multiarch --disable-werror --with-arch-32=i686 --with-abi=m64 --with-multilib-list=m32,m64,mx32 --enable-multilib --with-tune=generic --enable-offload-targets=nvptx-none --without-cuda-driver --enable-checking=release --build=x86_64-linux-gnu --host=x86_64-linux-gnu --target=x86_64-linux-gnu
Thread model: posix
gcc version 7.5.0 (Ubuntu 7.5.0-3ubuntu1~18.04) 
configure:3069: $? = 0
configure:3058: gcc -V >&5
gcc: error: unrecognized command line option '-V'
gcc: fatal error: no input files
compilation terminated.
configure:3069: $? = 1
configure:3058: gcc -qversion >&5
gcc: error: unrecognized command line option '-qversion'; did you mean '--version'?
gcc: fatal error: no input files
compilation terminated.
configure:3069: $? = 1
configure:3089: checking whether the C compiler works
configure:3111: gcc    conftest.c  >&5
configure:3115: $? = 0
configure:3163: result: yes
configure:3166: checking for C compiler default output file name
configure:3168: result: a.out
configure:3174: checking for suffix of executables
configure:3181: gcc -o conftest    conftest.c  >&5
configure:3185: $? = 0
configure:3207: result: 
configure:3229: checking whether we are cross compiling
configure:3237: gcc -o conftest    conftest.c  >&5
configure:3241: $? = 0
configure:3248: ./conftest
configure:3252: $? = 0
configure:3267: result: no
configure:3272: checking for suffix of object files
configure:3294: gcc -c   conftest.c >&5
configure:3298: $? = 0
configure:3319: result: o
configure:3323: checking whether we are using the GNU C compiler
configure:3342: gcc -c   conftest.c >&5
configure:3342: $? = 0
configure:3351: result: yes
configure:3360: checking whether gcc accepts -g
configure:3380: gcc -c -g  conftest.c >&5
configure:3380: $? = 0
configure:3421: result: yes
configure:3438: checking for gcc option to accept ISO C89
configure:3501: gcc  -c -g -O2  conftest.c >&5
configure:3501: $? = 0
configure:3514: result: none needed
configure:3539: checking whether gcc understands -c and -o together
configure:3561: gcc -c conftest.c -o conftest2.o
configure:3564: $? = 0
configure:3561: gcc -c conftest.c -o conftest2.o
configure:3564: $? = 0
configure:3576: result: yes
configure:3604: checking for style of include used by make
configure:3632: result: GNU
configure:3658: checking dependency style of gcc
configure:3769: result: gcc3
configure:3815: checking build system type
configure:3829: result: x86_64-pc-linux-gnu
configure:3849: checking host system type
configure:3862: result: x86_64-pc-linux-gnu
configure:3903: checking how to print strings
configure:3930: result: printf
configure:3951: checking for a sed that does not truncate output
configure:4015: result: /bin/sed
configure:4033: checking for grep that handles long lines and -e
configure:4091: result: /bin/grep
configure:4096: checking for egrep
configure:4158: result: /bin/grep -E
configure:4163: checking for fgrep
configure:4225: result: /bin/grep -F
configure:4260: checking for ld used by gcc
configure:4327: result: /usr/bin/ld
configure:4334: checking if the linker (/usr/bin/ld) is GNU ld
configure:4349: result: yes
configure:4361: checking for BSD- or MS-compatible name lister (nm)
configure:4415: result: /usr/bin/nm -B
configure:4545: checking the name lister (/usr/bin/nm -B) interface
configure:4552: gcc -c -g -O2  conftest.c >&5
configure:4555: /usr/bin/nm -B "conftest.o"
configure:4558: output
0000000000000000 B some_variable
configure:4565: result: BSD nm
configure:4568: checking whether ln -s works
configure:4572: result: yes
configure:4580: checking the maximum length of command line arguments
configure:4711: result: 1572864
configure:4759: checking how to convert x86_64-pc-linux-gnu file names to x86_64-pc-linux-gnu format
configure:4799: result: func_convert_file_noop
configure:4806: checking how to convert x86_64-pc-linux-gnu file names to toolchain format
configure:4826: result: func_convert_file_noop
configure:4833: checking for /usr/bin/ld option to reload object files
configure:4840: result: -r
configure:4914: checking for objdump
configure:4930: found /usr/bin/objdump
configure:4941: result: objdump
configure:4973: checking how to recognize dependent libraries
configure:5173: result: pass_all
configure:5258: checking for dlltool
configure:5288: result: no
configure:5318: checking how to associate runtime and link libraries
configure:5345: result: printf %s\n
configure:5406: checking for ar
configure:5422: found /usr/bin/ar
configure:5433: result: ar
configure:5470: checking for archiver @FILE support
configure:5487: gcc -c -g -O2  conftest.c >&5
configure:5487: $? = 0
configure:5490: ar cru libconftest.a @conftest.lst >&5
ar: `u' modifier ignored since `D' is the default (see `U')
configure:5493: $? = 0
configure:5498: ar cru libconftest.a @conftest.lst >&5
ar: `u' modifier ignored since `D' is the default (see `U')
ar: conftest.o: No such file or directory
configure:5501: $? = 1
configure:5513: result: @
configure:5571: checking for strip
configure:5587: found /usr/bin/strip
configure:5598: result: strip
configure:5670: checking for ranlib
configure:5686: found /usr/bin/ranlib
configure:5697: result: ranlib
configure:5799: checking command to parse /usr/bin/nm -B output from gcc object
configure:5952: gcc -c -g -O2  conftest.c >&5
configure:5955: $? = 0
configure:5959: /usr/bin/nm -B conftest.o \| sed -n -e 's/^.*[ ]\([ABCDGIRSTW][ABCDGIRSTW]*\)[ ][ ]*\([_A-Za-z][_A-Za-z0-9]*\)$/\1 \2 \2/p' | sed '/ __gnu_lto/d' \> conftest.nm
configure:5962: $? = 0
configure:6028: gcc -o conftest -g -O2   conftest.c conftstm.o >&5
configure:6031: $? = 0
configure:6069: result: ok
configure:6116: checking for sysroot
configure:6146: result: no
configure:6153: checking for a working dd
configure:6191: result: /bin/dd
configure:6195: checking how to truncate binary pipes
configure:6210: result: /bin/dd bs=4096 count=1
configure:6346: gcc -c -g -O2  conftest.c >&5
configure:6349: $? = 0
configure:6539: checking for mt
configure:6555: found /bin/mt
configure:6566: result: mt
configure:6589: checking if mt is a manifest tool
configure:6595: mt '-?'
configure:6603: result: no
configure:7280: checking how to run the C preprocessor
configure:7311: gcc -E  conftest.c
configure:7311: $? = 0
configure:7325: gcc -E  conftest.c
conftest.c:11:10: fatal error: ac_nonexistent.h: No such file or directory
 #include <ac_nonexistent.h>
          ^~~~~~~~~~~~~~~~~~
compilation terminated.
configure:7325: $? = 1
configure: failed program was:
| /* confdefs.h */
| #define PACKAGE_NAME "libvideo.la"
| #define PACKAGE_TARNAME "libvideo-la"
| #define PACKAGE_VERSION "v1.0"
| #define PACKAGE_STRING "libvideo.la v1.0"
| #define PACKAGE_BUGREPORT "xxx@qq.com"
| #define PACKAGE_URL ""
| #define PACKAGE "libvideo-la"
| #define VERSION "v1.0"
| /* end confdefs.h.  */
| #include <ac_nonexistent.h>
configure:7350: result: gcc -E
configure:7370: gcc -E  conftest.c
configure:7370: $? = 0
configure:7384: gcc -E  conftest.c
conftest.c:11:10: fatal error: ac_nonexistent.h: No such file or directory
 #include <ac_nonexistent.h>
          ^~~~~~~~~~~~~~~~~~
compilation terminated.
configure:7384: $? = 1
configure: failed program was:
| /* confdefs.h */
| #define PACKAGE_NAME "libvideo.la"
| #define PACKAGE_TARNAME "libvideo-la"
| #define PACKAGE_VERSION "v1.0"
| #define PACKAGE_STRING "libvideo.la v1.0"
| #define PACKAGE_BUGREPORT "xxx@qq.com"
| #define PACKAGE_URL ""
| #define PACKAGE "libvideo-la"
| #define VERSION "v1.0"
| /* end confdefs.h.  */
| #include <ac_nonexistent.h>
configure:7413: checking for ANSI C header files
configure:7433: gcc -c -g -O2  conftest.c >&5
configure:7433: $? = 0
configure:7506: gcc -o conftest -g -O2   conftest.c  >&5
configure:7506: $? = 0
configure:7506: ./conftest
configure:7506: $? = 0
configure:7517: result: yes
configure:7530: checking for sys/types.h
configure:7530: gcc -c -g -O2  conftest.c >&5
configure:7530: $? = 0
configure:7530: result: yes
configure:7530: checking for sys/stat.h
configure:7530: gcc -c -g -O2  conftest.c >&5
configure:7530: $? = 0
configure:7530: result: yes
configure:7530: checking for stdlib.h
configure:7530: gcc -c -g -O2  conftest.c >&5
configure:7530: $? = 0
configure:7530: result: yes
configure:7530: checking for string.h
configure:7530: gcc -c -g -O2  conftest.c >&5
configure:7530: $? = 0
configure:7530: result: yes
configure:7530: checking for memory.h
configure:7530: gcc -c -g -O2  conftest.c >&5
configure:7530: $? = 0
configure:7530: result: yes
configure:7530: checking for strings.h
configure:7530: gcc -c -g -O2  conftest.c >&5
configure:7530: $? = 0
configure:7530: result: yes
configure:7530: checking for inttypes.h
configure:7530: gcc -c -g -O2  conftest.c >&5
configure:7530: $? = 0
configure:7530: result: yes
configure:7530: checking for stdint.h
configure:7530: gcc -c -g -O2  conftest.c >&5
configure:7530: $? = 0
configure:7530: result: yes
configure:7530: checking for unistd.h
configure:7530: gcc -c -g -O2  conftest.c >&5
configure:7530: $? = 0
configure:7530: result: yes
configure:7544: checking for dlfcn.h
configure:7544: gcc -c -g -O2  conftest.c >&5
configure:7544: $? = 0
configure:7544: result: yes
configure:7800: checking for objdir
configure:7815: result: .libs
configure:8075: checking if gcc supports -fno-rtti -fno-exceptions
configure:8093: gcc -c -g -O2  -fno-rtti -fno-exceptions conftest.c >&5
cc1: warning: command line option '-fno-rtti' is valid for C++/ObjC++ but not for C
configure:8097: $? = 0
configure:8110: result: no
configure:8468: checking for gcc option to produce PIC
configure:8475: result: -fPIC -DPIC
configure:8483: checking if gcc PIC flag -fPIC -DPIC works
configure:8501: gcc -c -g -O2  -fPIC -DPIC -DPIC conftest.c >&5
configure:8505: $? = 0
configure:8518: result: yes
configure:8547: checking if gcc static flag -static works
configure:8575: result: yes
configure:8590: checking if gcc supports -c -o file.o
configure:8611: gcc -c -g -O2  -o out/conftest2.o conftest.c >&5
configure:8615: $? = 0
configure:8637: result: yes
configure:8645: checking if gcc supports -c -o file.o
configure:8692: result: yes
configure:8725: checking whether the gcc linker (/usr/bin/ld -m elf_x86_64) supports shared libraries
configure:9988: result: yes
configure:10025: checking whether -lc should be explicitly linked in
configure:10033: gcc -c -g -O2  conftest.c >&5
configure:10036: $? = 0
configure:10051: gcc -shared  -fPIC -DPIC conftest.o  -v -Wl,-soname -Wl,conftest -o conftest 2\>\&1 \| /bin/grep  -lc  \>/dev/null 2\>\&1
configure:10054: $? = 0
configure:10068: result: no
configure:10228: checking dynamic linker characteristics
configure:10809: gcc -o conftest -g -O2   -Wl,-rpath -Wl,/foo conftest.c  >&5
configure:10809: $? = 0
configure:11058: result: GNU/Linux ld.so
configure:11180: checking how to hardcode library paths into programs
configure:11205: result: immediate
configure:11753: checking whether stripping libraries is possible
configure:11758: result: yes
configure:11793: checking if libtool supports shared libraries
configure:11795: result: yes
configure:11798: checking whether to build shared libraries
configure:11823: result: yes
configure:11826: checking whether to build static libraries
configure:11830: result: yes
configure:11985: checking that generated files are newer than configure
configure:11991: result: done
configure:12014: creating ./config.status

## ---------------------- ##
## Running config.status. ##
## ---------------------- ##

This file was extended by libvideo.la config.status v1.0, which was
generated by GNU Autoconf 2.69.  Invocation command line was

  CONFIG_FILES    = 
  CONFIG_HEADERS  = 
  CONFIG_LINKS    = 
  CONFIG_COMMANDS = 
  $ ./config.status 

on rick-virtual-machine

config.status:1084: creating Makefile
config.status:1084: creating config.h
config.status:1313: executing depfiles commands
config.status:1313: executing libtool commands

## ---------------- ##
## Cache variables. ##
## ---------------- ##

ac_cv_build=x86_64-pc-linux-gnu
ac_cv_c_compiler_gnu=yes
ac_cv_env_CC_set=
ac_cv_env_CC_value=
ac_cv_env_CFLAGS_set=
ac_cv_env_CFLAGS_value=
ac_cv_env_CPPFLAGS_set=
ac_cv_env_CPPFLAGS_value=
ac_cv_env_CPP_set=
ac_cv_env_CPP_value=
ac_cv_env_LDFLAGS_set=
ac_cv_env_LDFLAGS_value=
ac_cv_env_LIBS_set=
ac_cv_env_LIBS_value=
ac_cv_env_LT_SYS_LIBRARY_PATH_set=
ac_cv_env_LT_SYS_LIBRARY_PATH_value=
ac_cv_env_build_alias_set=
ac_cv_env_build_alias_value=
ac_cv_env_host_alias_set=
ac_cv_env_host_alias_value=
ac_cv_env_target_alias_set=
ac_cv_env_target_alias_value=
ac_cv_header_dlfcn_h=yes
ac_cv_header_inttypes_h=yes
ac_cv_header_memory_h=yes
ac_cv_header_stdc=yes
ac_cv_header_stdint_h=yes
ac_cv_header_stdlib_h=yes
ac_cv_header_string_h=yes
ac_cv_header_strings_h=yes
ac_cv_header_sys_stat_h=yes
ac_cv_header_sys_types_h=yes
ac_cv_header_unistd_h=yes
ac_cv_host=x86_64-pc-linux-gnu
ac_cv_objext=o
ac_cv_path_EGREP='/bin/grep -E'
ac_cv_path_FGREP='/bin/grep -F'
ac_cv_path_GREP=/bin/grep
ac_cv_path_SED=/bin/sed
ac_cv_path_install='/usr/bin/install -c'
ac_cv_path_lt_DD=/bin/dd
ac_cv_path_mkdir=/bin/mkdir
ac_cv_prog_AWK=mawk
ac_cv_prog_CPP='gcc -E'
ac_cv_prog_ac_ct_AR=ar
ac_cv_prog_ac_ct_CC=gcc
ac_cv_prog_ac_ct_MANIFEST_TOOL=mt
ac_cv_prog_ac_ct_OBJDUMP=objdump
ac_cv_prog_ac_ct_RANLIB=ranlib
ac_cv_prog_ac_ct_STRIP=strip
ac_cv_prog_cc_c89=
ac_cv_prog_cc_g=yes
ac_cv_prog_make_make_set=yes
am_cv_CC_dependencies_compiler_type=gcc3
am_cv_make_support_nested_variables=yes
am_cv_prog_cc_c_o=yes
lt_cv_ar_at_file=@
lt_cv_archive_cmds_need_lc=no
lt_cv_deplibs_check_method=pass_all
lt_cv_file_magic_cmd='$MAGIC_CMD'
lt_cv_file_magic_test_file=
lt_cv_ld_reload_flag=-r
lt_cv_nm_interface='BSD nm'
lt_cv_objdir=.libs
lt_cv_path_LD=/usr/bin/ld
lt_cv_path_NM='/usr/bin/nm -B'
lt_cv_path_mainfest_tool=no
lt_cv_prog_compiler_c_o=yes
lt_cv_prog_compiler_pic='-fPIC -DPIC'
lt_cv_prog_compiler_pic_works=yes
lt_cv_prog_compiler_rtti_exceptions=no
lt_cv_prog_compiler_static_works=yes
lt_cv_prog_gnu_ld=yes
lt_cv_sharedlib_from_linklib_cmd='printf %s\n'
lt_cv_shlibpath_overrides_runpath=yes
lt_cv_sys_global_symbol_pipe='sed -n -e '\''s/^.*[	 ]\([ABCDGIRSTW][ABCDGIRSTW]*\)[	 ][	 ]*\([_A-Za-z][_A-Za-z0-9]*\)$/\1 \2 \2/p'\'' | sed '\''/ __gnu_lto/d'\'''
lt_cv_sys_global_symbol_to_c_name_address='sed -n -e '\''s/^: \(.*\) .*$/  {"\1", (void *) 0},/p'\'' -e '\''s/^[ABCDGIRSTW][ABCDGIRSTW]* .* \(.*\)$/  {"\1", (void *) \&\1},/p'\'''
lt_cv_sys_global_symbol_to_c_name_address_lib_prefix='sed -n -e '\''s/^: \(.*\) .*$/  {"\1", (void *) 0},/p'\'' -e '\''s/^[ABCDGIRSTW][ABCDGIRSTW]* .* \(lib.*\)$/  {"\1", (void *) \&\1},/p'\'' -e '\''s/^[ABCDGIRSTW][ABCDGIRSTW]* .* \(.*\)$/  {"lib\1", (void *) \&\1},/p'\'''
lt_cv_sys_global_symbol_to_cdecl='sed -n -e '\''s/^T .* \(.*\)$/extern int \1();/p'\'' -e '\''s/^[ABCDGIRSTW][ABCDGIRSTW]* .* \(.*\)$/extern char \1;/p'\'''
lt_cv_sys_global_symbol_to_import=
lt_cv_sys_max_cmd_len=1572864
lt_cv_to_host_file_cmd=func_convert_file_noop
lt_cv_to_tool_file_cmd=func_convert_file_noop
lt_cv_truncate_bin='/bin/dd bs=4096 count=1'

## ----------------- ##
## Output variables. ##
## ----------------- ##

ACLOCAL='${SHELL} /home/gits/Makefile/libs/video/missing aclocal-1.15'
AMDEPBACKSLASH='\'
AMDEP_FALSE='#'
AMDEP_TRUE=''
AMTAR='$${TAR-tar}'
AM_BACKSLASH='\'
AM_DEFAULT_V='$(AM_DEFAULT_VERBOSITY)'
AM_DEFAULT_VERBOSITY='1'
AM_V='$(V)'
AR='ar'
AUTOCONF='${SHELL} /home/gits/Makefile/libs/video/missing autoconf'
AUTOHEADER='${SHELL} /home/gits/Makefile/libs/video/missing autoheader'
AUTOMAKE='${SHELL} /home/gits/Makefile/libs/video/missing automake-1.15'
AWK='mawk'
CC='gcc'
CCDEPMODE='depmode=gcc3'
CFLAGS='-g -O2'
CPP='gcc -E'
CPPFLAGS=''
CYGPATH_W='echo'
DEFS='-DHAVE_CONFIG_H'
DEPDIR='.deps'
DLLTOOL='false'
DSYMUTIL=''
DUMPBIN=''
ECHO_C=''
ECHO_N='-n'
ECHO_T=''
EGREP='/bin/grep -E'
EXEEXT=''
FGREP='/bin/grep -F'
GREP='/bin/grep'
INSTALL_DATA='${INSTALL} -m 644'
INSTALL_PROGRAM='${INSTALL}'
INSTALL_SCRIPT='${INSTALL}'
INSTALL_STRIP_PROGRAM='$(install_sh) -c -s'
LD='/usr/bin/ld -m elf_x86_64'
LDFLAGS=''
LIBOBJS=''
LIBS=''
LIBTOOL='$(SHELL) $(top_builddir)/libtool'
LIPO=''
LN_S='ln -s'
LTLIBOBJS=''
LT_SYS_LIBRARY_PATH=''
MAKEINFO='${SHELL} /home/gits/Makefile/libs/video/missing makeinfo'
MANIFEST_TOOL=':'
MKDIR_P='/bin/mkdir -p'
NM='/usr/bin/nm -B'
NMEDIT=''
OBJDUMP='objdump'
OBJEXT='o'
OTOOL64=''
OTOOL=''
PACKAGE='libvideo-la'
PACKAGE_BUGREPORT='xxx@qq.com'
PACKAGE_NAME='libvideo.la'
PACKAGE_STRING='libvideo.la v1.0'
PACKAGE_TARNAME='libvideo-la'
PACKAGE_URL=''
PACKAGE_VERSION='v1.0'
PATH_SEPARATOR=':'
RANLIB='ranlib'
SED='/bin/sed'
SET_MAKE=''
SHELL='/bin/bash'
STRIP='strip'
VERSION='v1.0'
ac_ct_AR='ar'
ac_ct_CC='gcc'
ac_ct_DUMPBIN=''
am__EXEEXT_FALSE=''
am__EXEEXT_TRUE='#'
am__fastdepCC_FALSE='#'
am__fastdepCC_TRUE=''
am__include='include'
am__isrc=''
am__leading_dot='.'
am__nodep='_no'
am__quote=''
am__tar='$${TAR-tar} chof - "$$tardir"'
am__untar='$${TAR-tar} xf -'
bindir='${exec_prefix}/bin'
build='x86_64-pc-linux-gnu'
build_alias=''
build_cpu='x86_64'
build_os='linux-gnu'
build_vendor='pc'
datadir='${datarootdir}'
datarootdir='${prefix}/share'
docdir='${datarootdir}/doc/${PACKAGE_TARNAME}'
dvidir='${docdir}'
exec_prefix='${prefix}'
host='x86_64-pc-linux-gnu'
host_alias=''
host_cpu='x86_64'
host_os='linux-gnu'
host_vendor='pc'
htmldir='${docdir}'
includedir='${prefix}/include'
infodir='${datarootdir}/info'
install_sh='${SHELL} /home/gits/Makefile/libs/video/install-sh'
libdir='${exec_prefix}/lib'
libexecdir='${exec_prefix}/libexec'
localedir='${datarootdir}/locale'
localstatedir='${prefix}/var'
mandir='${datarootdir}/man'
mkdir_p='$(MKDIR_P)'
oldincludedir='/usr/include'
pdfdir='${docdir}'
prefix='/usr/local'
program_transform_name='s,x,x,'
psdir='${docdir}'
runstatedir='${localstatedir}/run'
sbindir='${exec_prefix}/sbin'
sharedstatedir='${prefix}/com'
sysconfdir='${prefix}/etc'
target_alias=''

## ----------- ##
## confdefs.h. ##
## ----------- ##

/* confdefs.h */
#define PACKAGE_NAME "libvideo.la"
#define PACKAGE_TARNAME "libvideo-la"
#define PACKAGE_VERSION "v1.0"
#define PACKAGE_STRING "libvideo.la v1.0"
#define PACKAGE_BUGREPORT "xxx@qq.com"
#define PACKAGE_URL ""
#define PACKAGE "libvideo-la"
#define VERSION "v1.0"
#define STDC_HEADERS 1
#define HAVE_SYS_TYPES_H 1
#define HAVE_SYS_STAT_H 1
#define HAVE_STDLIB_H 1
#define HAVE_STRING_H 1
#define HAVE_MEMORY_H 1
#define HAVE_STRINGS_H 1
#define HAVE_INTTYPES_H 1
#define HAVE_STDINT_H 1
#define HAVE_UNISTD_H 1
#define HAVE_DLFCN_H 1
#define LT_OBJDIR ".libs/"

configure: exit 0
