This file contains any messages produced by compilers while
running configure, to aid debugging if configure makes a mistake.

It was created by hello configure v1.0, which was
generated by GNU Autoconf 2.69.  Invocation command line was

  $ ./configure 

## --------- ##
## Platform. ##
## --------- ##

hostname = rick-virtual-machine
uname -m = x86_64
uname -r = 4.10.0-19-generic
uname -s = Linux
uname -v = #21-Ubuntu SMP Thu Apr 6 17:04:57 UTC 2017

/usr/bin/uname -p = unknown
/bin/uname -X     = unknown

/bin/arch              = unknown
/usr/bin/arch -k       = unknown
/usr/convex/getsysinfo = unknown
/usr/bin/hostinfo      = unknown
/bin/machine           = unknown
/usr/bin/oslevel       = unknown
/bin/universe          = unknown

PATH: /usr/local/sbin
PATH: /usr/local/bin
PATH: /usr/sbin
PATH: /usr/bin
PATH: /sbin
PATH: /bin
PATH: /usr/games
PATH: /usr/local/games


## ----------- ##
## Core tests. ##
## ----------- ##

configure:2316: checking for a BSD-compatible install
configure:2384: result: /usr/bin/install -c
configure:2395: checking whether build environment is sane
configure:2450: result: yes
configure:2601: checking for a thread-safe mkdir -p
configure:2640: result: /bin/mkdir -p
configure:2647: checking for gawk
configure:2677: result: no
configure:2647: checking for mawk
configure:2663: found /usr/bin/mawk
configure:2674: result: mawk
configure:2685: checking whether make sets $(MAKE)
configure:2707: result: yes
configure:2736: checking whether make supports nested variables
configure:2753: result: yes
configure:2938: checking for g++
configure:2954: found /usr/bin/g++
configure:2965: result: g++
configure:2992: checking for C++ compiler version
configure:3001: g++ --version >&5
g++ (Ubuntu 6.3.0-12ubuntu2) 6.3.0 20170406
Copyright (C) 2016 Free Software Foundation, Inc.
This is free software; see the source for copying conditions.  There is NO
warranty; not even for MERCHANTABILITY or FITNESS FOR A PARTICULAR PURPOSE.

configure:3012: $? = 0
configure:3001: g++ -v >&5
Using built-in specs.
COLLECT_GCC=g++
COLLECT_LTO_WRAPPER=/usr/lib/gcc/x86_64-linux-gnu/6/lto-wrapper
Target: x86_64-linux-gnu
Configured with: ../src/configure -v --with-pkgversion='Ubuntu 6.3.0-12ubuntu2' --with-bugurl=file:///usr/share/doc/gcc-6/README.Bugs --enable-languages=c,ada,c++,java,go,d,fortran,objc,obj-c++ --prefix=/usr --program-suffix=-6 --program-prefix=x86_64-linux-gnu- --enable-shared --enable-linker-build-id --libexecdir=/usr/lib --without-included-gettext --enable-threads=posix --libdir=/usr/lib --enable-nls --with-sysroot=/ --enable-clocale=gnu --enable-libstdcxx-debug --enable-libstdcxx-time=yes --with-default-libstdcxx-abi=new --enable-gnu-unique-object --disable-vtable-verify --enable-libmpx --enable-plugin --enable-default-pie --with-system-zlib --disable-browser-plugin --enable-java-awt=gtk --enable-gtk-cairo --with-java-home=/usr/lib/jvm/java-1.5.0-gcj-6-amd64/jre --enable-java-home --with-jvm-root-dir=/usr/lib/jvm/java-1.5.0-gcj-6-amd64 --with-jvm-jar-dir=/usr/lib/jvm-exports/java-1.5.0-gcj-6-amd64 --with-arch-directory=amd64 --with-ecj-jar=/usr/share/java/eclipse-ecj.jar --with-target-system-zlib --enable-objc-gc=auto --enable-multiarch --disable-werror --with-arch-32=i686 --with-abi=m64 --with-multilib-list=m32,m64,mx32 --enable-multilib --with-tune=generic --enable-checking=release --build=x86_64-linux-gnu --host=x86_64-linux-gnu --target=x86_64-linux-gnu
Thread model: posix
gcc version 6.3.0 20170406 (Ubuntu 6.3.0-12ubuntu2) 
configure:3012: $? = 0
configure:3001: g++ -V >&5
g++: error: unrecognized command line option '-V'
g++: fatal error: no input files
compilation terminated.
configure:3012: $? = 1
configure:3001: g++ -qversion >&5
g++: error: unrecognized command line option '-qversion'; did you mean '--version'?
g++: fatal error: no input files
compilation terminated.
configure:3012: $? = 1
configure:3032: checking whether the C++ compiler works
configure:3054: g++    conftest.cpp  >&5
configure:3058: $? = 0
configure:3106: result: yes
configure:3109: checking for C++ compiler default output file name
configure:3111: result: a.out
configure:3117: checking for suffix of executables
configure:3124: g++ -o conftest    conftest.cpp  >&5
configure:3128: $? = 0
configure:3150: result: 
configure:3172: checking whether we are cross compiling
configure:3180: g++ -o conftest    conftest.cpp  >&5
configure:3184: $? = 0
configure:3191: ./conftest
configure:3195: $? = 0
configure:3210: result: no
configure:3215: checking for suffix of object files
configure:3237: g++ -c   conftest.cpp >&5
configure:3241: $? = 0
configure:3262: result: o
configure:3266: checking whether we are using the GNU C++ compiler
configure:3285: g++ -c   conftest.cpp >&5
configure:3285: $? = 0
configure:3294: result: yes
configure:3303: checking whether g++ accepts -g
configure:3323: g++ -c -g  conftest.cpp >&5
configure:3323: $? = 0
configure:3364: result: yes
configure:3398: checking for style of include used by make
configure:3426: result: GNU
configure:3452: checking dependency style of g++
configure:3563: result: gcc3
configure:3582: checking for gawk
configure:3609: result: mawk
configure:3668: checking for gcc
configure:3684: found /usr/bin/gcc
configure:3695: result: gcc
configure:3924: checking for C compiler version
configure:3933: gcc --version >&5
gcc (Ubuntu 7.5.0-3ubuntu1~18.04) 7.5.0
Copyright (C) 2017 Free Software Foundation, Inc.
This is free software; see the source for copying conditions.  There is NO
warranty; not even for MERCHANTABILITY or FITNESS FOR A PARTICULAR PURPOSE.

configure:3944: $? = 0
configure:3933: gcc -v >&5
Using built-in specs.
COLLECT_GCC=gcc
COLLECT_LTO_WRAPPER=/usr/lib/gcc/x86_64-linux-gnu/7/lto-wrapper
OFFLOAD_TARGET_NAMES=nvptx-none
OFFLOAD_TARGET_DEFAULT=1
Target: x86_64-linux-gnu
Configured with: ../src/configure -v --with-pkgversion='Ubuntu 7.5.0-3ubuntu1~18.04' --with-bugurl=file:///usr/share/doc/gcc-7/README.Bugs --enable-languages=c,ada,c++,go,brig,d,fortran,objc,obj-c++ --prefix=/usr --with-gcc-major-version-only --program-suffix=-7 --program-prefix=x86_64-linux-gnu- --enable-shared --enable-linker-build-id --libexecdir=/usr/lib --without-included-gettext --enable-threads=posix --libdir=/usr/lib --enable-nls --enable-bootstrap --enable-clocale=gnu --enable-libstdcxx-debug --enable-libstdcxx-time=yes --with-default-libstdcxx-abi=new --enable-gnu-unique-object --disable-vtable-verify --enable-libmpx --enable-plugin --enable-default-pie --with-system-zlib --with-target-system-zlib --enable-objc-gc=auto --enable-multiarch --disable-werror --with-arch-32=i686 --with-abi=m64 --with-multilib-list=m32,m64,mx32 --enable-multilib --with-tune=generic --enable-offload-targets=nvptx-none --without-cuda-driver --enable-checking=release --build=x86_64-linux-gnu --host=x86_64-linux-gnu --target=x86_64-linux-gnu
Thread model: posix
gcc version 7.5.0 (Ubuntu 7.5.0-3ubuntu1~18.04) 
configure:3944: $? = 0
configure:3933: gcc -V >&5
gcc: error: unrecognized command line option '-V'
gcc: fatal error: no input files
compilation terminated.
configure:3944: $? = 1
configure:3933: gcc -qversion >&5
gcc: error: unrecognized command line option '-qversion'; did you mean '--version'?
gcc: fatal error: no input files
compilation terminated.
configure:3944: $? = 1
configure:3948: checking whether we are using the GNU C compiler
configure:3967: gcc -c   conftest.c >&5
configure:3967: $? = 0
configure:3976: result: yes
configure:3985: checking whether gcc accepts -g
configure:4005: gcc -c -g  conftest.c >&5
configure:4005: $? = 0
configure:4046: result: yes
configure:4063: checking for gcc option to accept ISO C89
configure:4126: gcc  -c -g -O2  conftest.c >&5
configure:4126: $? = 0
configure:4139: result: none needed
configure:4164: checking whether gcc understands -c and -o together
configure:4186: gcc -c conftest.c -o conftest2.o
configure:4189: $? = 0
configure:4186: gcc -c conftest.c -o conftest2.o
configure:4189: $? = 0
configure:4201: result: yes
configure:4220: checking dependency style of gcc
configure:4331: result: gcc3
configure:4351: checking how to run the C preprocessor
configure:4382: gcc -E  conftest.c
configure:4382: $? = 0
configure:4396: gcc -E  conftest.c
conftest.c:11:10: fatal error: ac_nonexistent.h: No such file or directory
 #include <ac_nonexistent.h>
          ^~~~~~~~~~~~~~~~~~
compilation terminated.
configure:4396: $? = 1
configure: failed program was:
| /* confdefs.h */
| #define PACKAGE_NAME "hello"
| #define PACKAGE_TARNAME "hello"
| #define PACKAGE_VERSION "v1.0"
| #define PACKAGE_STRING "hello v1.0"
| #define PACKAGE_BUGREPORT "xxx@qq.com"
| #define PACKAGE_URL ""
| #define PACKAGE "hello"
| #define VERSION "v1.0"
| /* end confdefs.h.  */
| #include <ac_nonexistent.h>
configure:4421: result: gcc -E
configure:4441: gcc -E  conftest.c
configure:4441: $? = 0
configure:4455: gcc -E  conftest.c
conftest.c:11:10: fatal error: ac_nonexistent.h: No such file or directory
 #include <ac_nonexistent.h>
          ^~~~~~~~~~~~~~~~~~
compilation terminated.
configure:4455: $? = 1
configure: failed program was:
| /* confdefs.h */
| #define PACKAGE_NAME "hello"
| #define PACKAGE_TARNAME "hello"
| #define PACKAGE_VERSION "v1.0"
| #define PACKAGE_STRING "hello v1.0"
| #define PACKAGE_BUGREPORT "xxx@qq.com"
| #define PACKAGE_URL ""
| #define PACKAGE "hello"
| #define VERSION "v1.0"
| /* end confdefs.h.  */
| #include <ac_nonexistent.h>
configure:4484: checking whether ln -s works
configure:4488: result: yes
configure:4495: checking whether make sets $(MAKE)
configure:4517: result: yes
configure:4569: checking for ranlib
configure:4585: found /usr/bin/ranlib
configure:4596: result: ranlib
configure:4647: checking build system type
configure:4661: result: x86_64-pc-linux-gnu
configure:4681: checking host system type
configure:4694: result: x86_64-pc-linux-gnu
configure:4735: checking how to print strings
configure:4762: result: printf
configure:4783: checking for a sed that does not truncate output
configure:4847: result: /bin/sed
configure:4865: checking for grep that handles long lines and -e
configure:4923: result: /bin/grep
configure:4928: checking for egrep
configure:4990: result: /bin/grep -E
configure:4995: checking for fgrep
configure:5057: result: /bin/grep -F
configure:5092: checking for ld used by gcc
configure:5159: result: /usr/bin/ld
configure:5166: checking if the linker (/usr/bin/ld) is GNU ld
configure:5181: result: yes
configure:5193: checking for BSD- or MS-compatible name lister (nm)
configure:5247: result: /usr/bin/nm -B
configure:5377: checking the name lister (/usr/bin/nm -B) interface
configure:5384: gcc -c -g -O2  conftest.c >&5
configure:5387: /usr/bin/nm -B "conftest.o"
configure:5390: output
0000000000000000 B some_variable
configure:5397: result: BSD nm
configure:5401: checking the maximum length of command line arguments
configure:5532: result: 1572864
configure:5580: checking how to convert x86_64-pc-linux-gnu file names to x86_64-pc-linux-gnu format
configure:5620: result: func_convert_file_noop
configure:5627: checking how to convert x86_64-pc-linux-gnu file names to toolchain format
configure:5647: result: func_convert_file_noop
configure:5654: checking for /usr/bin/ld option to reload object files
configure:5661: result: -r
configure:5735: checking for objdump
configure:5751: found /usr/bin/objdump
configure:5762: result: objdump
configure:5794: checking how to recognize dependent libraries
configure:5994: result: pass_all
configure:6079: checking for dlltool
configure:6109: result: no
configure:6139: checking how to associate runtime and link libraries
configure:6166: result: printf %s\n
configure:6227: checking for ar
configure:6243: found /usr/bin/ar
configure:6254: result: ar
configure:6291: checking for archiver @FILE support
configure:6308: gcc -c -g -O2  conftest.c >&5
configure:6308: $? = 0
configure:6311: ar cru libconftest.a @conftest.lst >&5
ar: `u' modifier ignored since `D' is the default (see `U')
configure:6314: $? = 0
configure:6319: ar cru libconftest.a @conftest.lst >&5
ar: `u' modifier ignored since `D' is the default (see `U')
ar: conftest.o: No such file or directory
configure:6322: $? = 1
configure:6334: result: @
configure:6392: checking for strip
configure:6408: found /usr/bin/strip
configure:6419: result: strip
configure:6491: checking for ranlib
configure:6518: result: ranlib
configure:6620: checking command to parse /usr/bin/nm -B output from gcc object
configure:6773: gcc -c -g -O2  conftest.c >&5
configure:6776: $? = 0
configure:6780: /usr/bin/nm -B conftest.o \| sed -n -e 's/^.*[ ]\([ABCDGIRSTW][ABCDGIRSTW]*\)[ ][ ]*\([_A-Za-z][_A-Za-z0-9]*\)$/\1 \2 \2/p' | sed '/ __gnu_lto/d' \> conftest.nm
configure:6783: $? = 0
configure:6849: gcc -o conftest -g -O2   conftest.c conftstm.o >&5
configure:6852: $? = 0
configure:6890: result: ok
configure:6937: checking for sysroot
configure:6967: result: no
configure:6974: checking for a working dd
configure:7012: result: /bin/dd
configure:7016: checking how to truncate binary pipes
configure:7031: result: /bin/dd bs=4096 count=1
configure:7167: gcc -c -g -O2  conftest.c >&5
configure:7170: $? = 0
configure:7360: checking for mt
configure:7376: found /bin/mt
configure:7387: result: mt
configure:7410: checking if mt is a manifest tool
configure:7416: mt '-?'
configure:7424: result: no
configure:8097: checking for ANSI C header files
configure:8117: gcc -c -g -O2  conftest.c >&5
configure:8117: $? = 0
configure:8190: gcc -o conftest -g -O2   conftest.c  >&5
configure:8190: $? = 0
configure:8190: ./conftest
configure:8190: $? = 0
configure:8201: result: yes
configure:8214: checking for sys/types.h
configure:8214: gcc -c -g -O2  conftest.c >&5
configure:8214: $? = 0
configure:8214: result: yes
configure:8214: checking for sys/stat.h
configure:8214: gcc -c -g -O2  conftest.c >&5
configure:8214: $? = 0
configure:8214: result: yes
configure:8214: checking for stdlib.h
configure:8214: gcc -c -g -O2  conftest.c >&5
configure:8214: $? = 0
configure:8214: result: yes
configure:8214: checking for string.h
configure:8214: gcc -c -g -O2  conftest.c >&5
configure:8214: $? = 0
configure:8214: result: yes
configure:8214: checking for memory.h
configure:8214: gcc -c -g -O2  conftest.c >&5
configure:8214: $? = 0
configure:8214: result: yes
configure:8214: checking for strings.h
configure:8214: gcc -c -g -O2  conftest.c >&5
configure:8214: $? = 0
configure:8214: result: yes
configure:8214: checking for inttypes.h
configure:8214: gcc -c -g -O2  conftest.c >&5
configure:8214: $? = 0
configure:8214: result: yes
configure:8214: checking for stdint.h
configure:8214: gcc -c -g -O2  conftest.c >&5
configure:8214: $? = 0
configure:8214: result: yes
configure:8214: checking for unistd.h
configure:8214: gcc -c -g -O2  conftest.c >&5
configure:8214: $? = 0
configure:8214: result: yes
configure:8228: checking for dlfcn.h
configure:8228: gcc -c -g -O2  conftest.c >&5
configure:8228: $? = 0
configure:8228: result: yes
configure:8495: checking for objdir
configure:8510: result: .libs
configure:8770: checking if gcc supports -fno-rtti -fno-exceptions
configure:8788: gcc -c -g -O2  -fno-rtti -fno-exceptions conftest.c >&5
cc1: warning: command line option '-fno-rtti' is valid for C++/ObjC++ but not for C
configure:8792: $? = 0
configure:8805: result: no
configure:9163: checking for gcc option to produce PIC
configure:9170: result: -fPIC -DPIC
configure:9178: checking if gcc PIC flag -fPIC -DPIC works
configure:9196: gcc -c -g -O2  -fPIC -DPIC -DPIC conftest.c >&5
configure:9200: $? = 0
configure:9213: result: yes
configure:9242: checking if gcc static flag -static works
configure:9270: result: yes
configure:9285: checking if gcc supports -c -o file.o
configure:9306: gcc -c -g -O2  -o out/conftest2.o conftest.c >&5
configure:9310: $? = 0
configure:9332: result: yes
configure:9340: checking if gcc supports -c -o file.o
configure:9387: result: yes
configure:9420: checking whether the gcc linker (/usr/bin/ld -m elf_x86_64) supports shared libraries
configure:10683: result: yes
configure:10720: checking whether -lc should be explicitly linked in
configure:10728: gcc -c -g -O2  conftest.c >&5
configure:10731: $? = 0
configure:10746: gcc -shared  -fPIC -DPIC conftest.o  -v -Wl,-soname -Wl,conftest -o conftest 2\>\&1 \| /bin/grep  -lc  \>/dev/null 2\>\&1
configure:10749: $? = 0
configure:10763: result: no
configure:10923: checking dynamic linker characteristics
configure:11504: gcc -o conftest -g -O2   -Wl,-rpath -Wl,/foo conftest.c  >&5
configure:11504: $? = 0
configure:11753: result: GNU/Linux ld.so
configure:11875: checking how to hardcode library paths into programs
configure:11900: result: immediate
configure:12448: checking whether stripping libraries is possible
configure:12453: result: yes
configure:12488: checking if libtool supports shared libraries
configure:12490: result: yes
configure:12493: checking whether to build shared libraries
configure:12518: result: yes
configure:12521: checking whether to build static libraries
configure:12525: result: yes
configure:12548: checking how to run the C++ preprocessor
configure:12575: g++ -E  conftest.cpp
configure:12575: $? = 0
configure:12589: g++ -E  conftest.cpp
conftest.cpp:23:28: fatal error: ac_nonexistent.h: No such file or directory
 #include <ac_nonexistent.h>
                            ^
compilation terminated.
configure:12589: $? = 1
configure: failed program was:
| /* confdefs.h */
| #define PACKAGE_NAME "hello"
| #define PACKAGE_TARNAME "hello"
| #define PACKAGE_VERSION "v1.0"
| #define PACKAGE_STRING "hello v1.0"
| #define PACKAGE_BUGREPORT "xxx@qq.com"
| #define PACKAGE_URL ""
| #define PACKAGE "hello"
| #define VERSION "v1.0"
| #define STDC_HEADERS 1
| #define HAVE_SYS_TYPES_H 1
| #define HAVE_SYS_STAT_H 1
| #define HAVE_STDLIB_H 1
| #define HAVE_STRING_H 1
| #define HAVE_MEMORY_H 1
| #define HAVE_STRINGS_H 1
| #define HAVE_INTTYPES_H 1
| #define HAVE_STDINT_H 1
| #define HAVE_UNISTD_H 1
| #define HAVE_DLFCN_H 1
| #define LT_OBJDIR ".libs/"
| /* end confdefs.h.  */
| #include <ac_nonexistent.h>
configure:12614: result: g++ -E
configure:12634: g++ -E  conftest.cpp
configure:12634: $? = 0
configure:12648: g++ -E  conftest.cpp
conftest.cpp:23:28: fatal error: ac_nonexistent.h: No such file or directory
 #include <ac_nonexistent.h>
                            ^
compilation terminated.
configure:12648: $? = 1
configure: failed program was:
| /* confdefs.h */
| #define PACKAGE_NAME "hello"
| #define PACKAGE_TARNAME "hello"
| #define PACKAGE_VERSION "v1.0"
| #define PACKAGE_STRING "hello v1.0"
| #define PACKAGE_BUGREPORT "xxx@qq.com"
| #define PACKAGE_URL ""
| #define PACKAGE "hello"
| #define VERSION "v1.0"
| #define STDC_HEADERS 1
| #define HAVE_SYS_TYPES_H 1
| #define HAVE_SYS_STAT_H 1
| #define HAVE_STDLIB_H 1
| #define HAVE_STRING_H 1
| #define HAVE_MEMORY_H 1
| #define HAVE_STRINGS_H 1
| #define HAVE_INTTYPES_H 1
| #define HAVE_STDINT_H 1
| #define HAVE_UNISTD_H 1
| #define HAVE_DLFCN_H 1
| #define LT_OBJDIR ".libs/"
| /* end confdefs.h.  */
| #include <ac_nonexistent.h>
configure:12810: checking for ld used by g++
configure:12877: result: /usr/bin/ld -m elf_x86_64
configure:12884: checking if the linker (/usr/bin/ld -m elf_x86_64) is GNU ld
configure:12899: result: yes
configure:12954: checking whether the g++ linker (/usr/bin/ld -m elf_x86_64) supports shared libraries
configure:14027: result: yes
configure:14063: g++ -c -g -O2  conftest.cpp >&5
configure:14066: $? = 0
configure:14547: checking for g++ option to produce PIC
configure:14554: result: -fPIC -DPIC
configure:14562: checking if g++ PIC flag -fPIC -DPIC works
configure:14580: g++ -c -g -O2  -fPIC -DPIC -DPIC conftest.cpp >&5
configure:14584: $? = 0
configure:14597: result: yes
configure:14620: checking if g++ static flag -static works
configure:14648: result: yes
configure:14660: checking if g++ supports -c -o file.o
configure:14681: g++ -c -g -O2  -o out/conftest2.o conftest.cpp >&5
configure:14685: $? = 0
configure:14707: result: yes
configure:14712: checking if g++ supports -c -o file.o
configure:14759: result: yes
configure:14789: checking whether the g++ linker (/usr/bin/ld -m elf_x86_64) supports shared libraries
configure:14832: result: yes
configure:14973: checking dynamic linker characteristics
configure:15730: result: GNU/Linux ld.so
configure:15795: checking how to hardcode library paths into programs
configure:15820: result: immediate
configure:15884: checking for main in -lnet
configure:15903: gcc -o conftest -g -O2   conftest.c -lnet   >&5
/usr/bin/ld: cannot find -lnet
collect2: error: ld returned 1 exit status
configure:15903: $? = 1
configure: failed program was:
| /* confdefs.h */
| #define PACKAGE_NAME "hello"
| #define PACKAGE_TARNAME "hello"
| #define PACKAGE_VERSION "v1.0"
| #define PACKAGE_STRING "hello v1.0"
| #define PACKAGE_BUGREPORT "xxx@qq.com"
| #define PACKAGE_URL ""
| #define PACKAGE "hello"
| #define VERSION "v1.0"
| #define STDC_HEADERS 1
| #define HAVE_SYS_TYPES_H 1
| #define HAVE_SYS_STAT_H 1
| #define HAVE_STDLIB_H 1
| #define HAVE_STRING_H 1
| #define HAVE_MEMORY_H 1
| #define HAVE_STRINGS_H 1
| #define HAVE_INTTYPES_H 1
| #define HAVE_STDINT_H 1
| #define HAVE_UNISTD_H 1
| #define HAVE_DLFCN_H 1
| #define LT_OBJDIR ".libs/"
| /* end confdefs.h.  */
| 
| 
| int
| main ()
| {
| return main ();
|   ;
|   return 0;
| }
configure:15912: result: no
configure:16041: checking that generated files are newer than configure
configure:16047: result: done
configure:16074: creating ./config.status

## ---------------------- ##
## Running config.status. ##
## ---------------------- ##

This file was extended by hello config.status v1.0, which was
generated by GNU Autoconf 2.69.  Invocation command line was

  CONFIG_FILES    = 
  CONFIG_HEADERS  = 
  CONFIG_LINKS    = 
  CONFIG_COMMANDS = 
  $ ./config.status 

on rick-virtual-machine

config.status:1157: creating Makefile
config.status:1157: creating libs/Makefile
config.status:1157: creating libs_head/Makefile
config.status:1157: creating src/Makefile
config.status:1157: creating src/bluetooth/Makefile
config.status:1157: creating src/head/Makefile
config.status:1157: creating src/lcd/Makefile
config.status:1157: creating src/led/Makefile
config.status:1157: creating src/net/Makefile
config.status:1157: creating src/sound/Makefile
config.status:1157: creating src/usb/Makefile
config.status:1157: creating config.h
config.status:1338: config.h is unchanged
config.status:1386: executing depfiles commands
config.status:1386: executing libtool commands

## ---------------- ##
## Cache variables. ##
## ---------------- ##

ac_cv_build=x86_64-pc-linux-gnu
ac_cv_c_compiler_gnu=yes
ac_cv_cxx_compiler_gnu=yes
ac_cv_env_CCC_set=
ac_cv_env_CCC_value=
ac_cv_env_CC_set=
ac_cv_env_CC_value=
ac_cv_env_CFLAGS_set=
ac_cv_env_CFLAGS_value=
ac_cv_env_CPPFLAGS_set=
ac_cv_env_CPPFLAGS_value=
ac_cv_env_CPP_set=
ac_cv_env_CPP_value=
ac_cv_env_CXXCPP_set=
ac_cv_env_CXXCPP_value=
ac_cv_env_CXXFLAGS_set=
ac_cv_env_CXXFLAGS_value=
ac_cv_env_CXX_set=
ac_cv_env_CXX_value=
ac_cv_env_LDFLAGS_set=
ac_cv_env_LDFLAGS_value=
ac_cv_env_LIBS_set=
ac_cv_env_LIBS_value=
ac_cv_env_LT_SYS_LIBRARY_PATH_set=
ac_cv_env_LT_SYS_LIBRARY_PATH_value=
ac_cv_env_build_alias_set=
ac_cv_env_build_alias_value=
ac_cv_env_host_alias_set=
ac_cv_env_host_alias_value=
ac_cv_env_target_alias_set=
ac_cv_env_target_alias_value=
ac_cv_header_dlfcn_h=yes
ac_cv_header_inttypes_h=yes
ac_cv_header_memory_h=yes
ac_cv_header_stdc=yes
ac_cv_header_stdint_h=yes
ac_cv_header_stdlib_h=yes
ac_cv_header_string_h=yes
ac_cv_header_strings_h=yes
ac_cv_header_sys_stat_h=yes
ac_cv_header_sys_types_h=yes
ac_cv_header_unistd_h=yes
ac_cv_host=x86_64-pc-linux-gnu
ac_cv_lib_net_main=no
ac_cv_objext=o
ac_cv_path_EGREP='/bin/grep -E'
ac_cv_path_FGREP='/bin/grep -F'
ac_cv_path_GREP=/bin/grep
ac_cv_path_SED=/bin/sed
ac_cv_path_install='/usr/bin/install -c'
ac_cv_path_lt_DD=/bin/dd
ac_cv_path_mkdir=/bin/mkdir
ac_cv_prog_AWK=mawk
ac_cv_prog_CPP='gcc -E'
ac_cv_prog_CXXCPP='g++ -E'
ac_cv_prog_ac_ct_AR=ar
ac_cv_prog_ac_ct_CC=gcc
ac_cv_prog_ac_ct_CXX=g++
ac_cv_prog_ac_ct_MANIFEST_TOOL=mt
ac_cv_prog_ac_ct_OBJDUMP=objdump
ac_cv_prog_ac_ct_RANLIB=ranlib
ac_cv_prog_ac_ct_STRIP=strip
ac_cv_prog_cc_c89=
ac_cv_prog_cc_g=yes
ac_cv_prog_cxx_g=yes
ac_cv_prog_make_make_set=yes
am_cv_CC_dependencies_compiler_type=gcc3
am_cv_CXX_dependencies_compiler_type=gcc3
am_cv_make_support_nested_variables=yes
am_cv_prog_cc_c_o=yes
lt_cv_ar_at_file=@
lt_cv_archive_cmds_need_lc=no
lt_cv_deplibs_check_method=pass_all
lt_cv_file_magic_cmd='$MAGIC_CMD'
lt_cv_file_magic_test_file=
lt_cv_ld_reload_flag=-r
lt_cv_nm_interface='BSD nm'
lt_cv_objdir=.libs
lt_cv_path_LD=/usr/bin/ld
lt_cv_path_LDCXX='/usr/bin/ld -m elf_x86_64'
lt_cv_path_NM='/usr/bin/nm -B'
lt_cv_path_mainfest_tool=no
lt_cv_prog_compiler_c_o=yes
lt_cv_prog_compiler_c_o_CXX=yes
lt_cv_prog_compiler_pic='-fPIC -DPIC'
lt_cv_prog_compiler_pic_CXX='-fPIC -DPIC'
lt_cv_prog_compiler_pic_works=yes
lt_cv_prog_compiler_pic_works_CXX=yes
lt_cv_prog_compiler_rtti_exceptions=no
lt_cv_prog_compiler_static_works=yes
lt_cv_prog_compiler_static_works_CXX=yes
lt_cv_prog_gnu_ld=yes
lt_cv_prog_gnu_ldcxx=yes
lt_cv_sharedlib_from_linklib_cmd='printf %s\n'
lt_cv_shlibpath_overrides_runpath=yes
lt_cv_sys_global_symbol_pipe='sed -n -e '\''s/^.*[	 ]\([ABCDGIRSTW][ABCDGIRSTW]*\)[	 ][	 ]*\([_A-Za-z][_A-Za-z0-9]*\)$/\1 \2 \2/p'\'' | sed '\''/ __gnu_lto/d'\'''
lt_cv_sys_global_symbol_to_c_name_address='sed -n -e '\''s/^: \(.*\) .*$/  {"\1", (void *) 0},/p'\'' -e '\''s/^[ABCDGIRSTW][ABCDGIRSTW]* .* \(.*\)$/  {"\1", (void *) \&\1},/p'\'''
lt_cv_sys_global_symbol_to_c_name_address_lib_prefix='sed -n -e '\''s/^: \(.*\) .*$/  {"\1", (void *) 0},/p'\'' -e '\''s/^[ABCDGIRSTW][ABCDGIRSTW]* .* \(lib.*\)$/  {"\1", (void *) \&\1},/p'\'' -e '\''s/^[ABCDGIRSTW][ABCDGIRSTW]* .* \(.*\)$/  {"lib\1", (void *) \&\1},/p'\'''
lt_cv_sys_global_symbol_to_cdecl='sed -n -e '\''s/^T .* \(.*\)$/extern int \1();/p'\'' -e '\''s/^[ABCDGIRSTW][ABCDGIRSTW]* .* \(.*\)$/extern char \1;/p'\'''
lt_cv_sys_global_symbol_to_import=
lt_cv_sys_max_cmd_len=1572864
lt_cv_to_host_file_cmd=func_convert_file_noop
lt_cv_to_tool_file_cmd=func_convert_file_noop
lt_cv_truncate_bin='/bin/dd bs=4096 count=1'

## ----------------- ##
## Output variables. ##
## ----------------- ##

ACLOCAL='${SHELL} /home/gits/Makefile/hello_4-7/missing aclocal-1.15'
AMDEPBACKSLASH='\'
AMDEP_FALSE='#'
AMDEP_TRUE=''
AMTAR='$${TAR-tar}'
AM_BACKSLASH='\'
AM_DEFAULT_V='$(AM_DEFAULT_VERBOSITY)'
AM_DEFAULT_VERBOSITY='1'
AM_V='$(V)'
AR='ar'
AUTOCONF='${SHELL} /home/gits/Makefile/hello_4-7/missing autoconf'
AUTOHEADER='${SHELL} /home/gits/Makefile/hello_4-7/missing autoheader'
AUTOMAKE='${SHELL} /home/gits/Makefile/hello_4-7/missing automake-1.15'
AWK='mawk'
CC='gcc'
CCDEPMODE='depmode=gcc3'
CFLAGS='-g -O2'
CPP='gcc -E'
CPPFLAGS=''
CXX='g++'
CXXCPP='g++ -E'
CXXDEPMODE='depmode=gcc3'
CXXFLAGS='-g -O2'
CYGPATH_W='echo'
DEFS='-DHAVE_CONFIG_H'
DEPDIR='.deps'
DLLTOOL='false'
DSYMUTIL=''
DUMPBIN=''
ECHO_C=''
ECHO_N='-n'
ECHO_T=''
EGREP='/bin/grep -E'
EXEEXT=''
FGREP='/bin/grep -F'
GREP='/bin/grep'
INSTALL_DATA='${INSTALL} -m 644'
INSTALL_PROGRAM='${INSTALL}'
INSTALL_SCRIPT='${INSTALL}'
INSTALL_STRIP_PROGRAM='$(install_sh) -c -s'
LD='/usr/bin/ld -m elf_x86_64'
LDFLAGS=''
LIBOBJS=''
LIBS=''
LIBTOOL='$(SHELL) $(top_builddir)/libtool'
LIPO=''
LN_S='ln -s'
LTLIBOBJS=''
LT_SYS_LIBRARY_PATH=''
MAKEINFO='${SHELL} /home/gits/Makefile/hello_4-7/missing makeinfo'
MANIFEST_TOOL=':'
MKDIR_P='/bin/mkdir -p'
NM='/usr/bin/nm -B'
NMEDIT=''
OBJDUMP='objdump'
OBJEXT='o'
OTOOL64=''
OTOOL=''
PACKAGE='hello'
PACKAGE_BUGREPORT='xxx@qq.com'
PACKAGE_NAME='hello'
PACKAGE_STRING='hello v1.0'
PACKAGE_TARNAME='hello'
PACKAGE_URL=''
PACKAGE_VERSION='v1.0'
PATH_SEPARATOR=':'
RANLIB='ranlib'
SED='/bin/sed'
SET_MAKE=''
SHELL='/bin/bash'
STRIP='strip'
VERSION='v1.0'
ac_ct_AR='ar'
ac_ct_CC='gcc'
ac_ct_CXX='g++'
ac_ct_DUMPBIN=''
am__EXEEXT_FALSE=''
am__EXEEXT_TRUE='#'
am__fastdepCC_FALSE='#'
am__fastdepCC_TRUE=''
am__fastdepCXX_FALSE='#'
am__fastdepCXX_TRUE=''
am__include='include'
am__isrc=''
am__leading_dot='.'
am__nodep='_no'
am__quote=''
am__tar='$${TAR-tar} chof - "$$tardir"'
am__untar='$${TAR-tar} xf -'
bindir='${exec_prefix}/bin'
build='x86_64-pc-linux-gnu'
build_alias=''
build_cpu='x86_64'
build_os='linux-gnu'
build_vendor='pc'
datadir='${datarootdir}'
datarootdir='${prefix}/share'
docdir='${datarootdir}/doc/${PACKAGE_TARNAME}'
dvidir='${docdir}'
exec_prefix='${prefix}'
host='x86_64-pc-linux-gnu'
host_alias=''
host_cpu='x86_64'
host_os='linux-gnu'
host_vendor='pc'
htmldir='${docdir}'
includedir='${prefix}/include'
infodir='${datarootdir}/info'
install_sh='${SHELL} /home/gits/Makefile/hello_4-7/install-sh'
libdir='${exec_prefix}/lib'
libexecdir='${exec_prefix}/libexec'
localedir='${datarootdir}/locale'
localstatedir='${prefix}/var'
mandir='${datarootdir}/man'
mkdir_p='$(MKDIR_P)'
oldincludedir='/usr/include'
pdfdir='${docdir}'
prefix='/usr/local'
program_transform_name='s,x,x,'
psdir='${docdir}'
runstatedir='${localstatedir}/run'
sbindir='${exec_prefix}/sbin'
sharedstatedir='${prefix}/com'
sysconfdir='${prefix}/etc'
target_alias=''

## ----------- ##
## confdefs.h. ##
## ----------- ##

/* confdefs.h */
#define PACKAGE_NAME "hello"
#define PACKAGE_TARNAME "hello"
#define PACKAGE_VERSION "v1.0"
#define PACKAGE_STRING "hello v1.0"
#define PACKAGE_BUGREPORT "xxx@qq.com"
#define PACKAGE_URL ""
#define PACKAGE "hello"
#define VERSION "v1.0"
#define STDC_HEADERS 1
#define HAVE_SYS_TYPES_H 1
#define HAVE_SYS_STAT_H 1
#define HAVE_STDLIB_H 1
#define HAVE_STRING_H 1
#define HAVE_MEMORY_H 1
#define HAVE_STRINGS_H 1
#define HAVE_INTTYPES_H 1
#define HAVE_STDINT_H 1
#define HAVE_UNISTD_H 1
#define HAVE_DLFCN_H 1
#define LT_OBJDIR ".libs/"

configure: exit 0
